<?xml version="1.0" encoding="UTF-8"?>
<!-- Generated by org.testng.reporters.JUnitXMLReporter -->
<testsuite ignored="2" hostname="Lucifer" failures="0" tests="1" name="Default test" time="33.879" errors="0" timestamp="2025-07-30T17:58:14 IST">
  <testcase classname="Vtiger_Framework.CreateContactGroup" name="createContactModule_1st" time="21.131"/>
  <testcase classname="Vtiger_Framework.CreateContactGroup" name="createContactModule_3rd" time="0.0">
    <ignored/>
  </testcase> <!-- createContactModule_3rd -->
  <testcase classname="Vtiger_Framework.CreateContactGroup" name="createContactModule_2nd" time="0.0">
    <ignored/>
  </testcase> <!-- createContactModule_2nd -->
</testsuite> <!-- Default test -->
